<?xml version="1.0" encoding="UTF-8" ?>
<testsuite tests="4" failures="0" name="testClassPackage.ResultsTest" time="0" errors="0" skipped="0">
  <properties>
[...]
</properties>
  <testcase classname="testClassPackage.ResultsTest" name="TestoutResultsA" time="0"/>
  <testcase classname="testClassPackage.ResultsTest" name="TestoutResultsB" time="0"/>
  <testcase classname="testClassPackage.ResultsTest" name="TestoutResultsC" time="0"/>
  <testcase classname="testClassPackage.ResultsTest" name="TestoutResultsFail" time="0"/>
</testsuite>